<?xml version="1.0" encoding="UTF-8"?>
<!-- Generated by org.testng.reporters.JUnitReportReporter -->
<testsuite hostname="LAPTOP-HBROTHS7" failures="0" tests="1" name="GLDT_TestCases.GLDT_TestCases" time="67.256" errors="0" timestamp="2022-05-27T17:24:47 IST" skipped="0">
  <testcase classname="GLDT_TestCases.GLDT_TestCases" name="GLDT_TC_09" time="67.256"/>
  <system-out/>
</testsuite> <!-- GLDT_TestCases.GLDT_TestCases -->
