<?xml version="1.0" encoding="UTF-8"?>
<!-- Generated by org.testng.reporters.JUnitReportReporter -->
<testsuite hostname="LAPTOP-HBROTHS7" failures="0" tests="4" name="demo.TestNGGroupsDemo" time="0.033" errors="0" timestamp="2022-05-30T13:21:13 IST" skipped="0">
  <testcase classname="demo.TestNGGroupsDemo" name="test1" time="0.025"/>
  <system-out/>
  <testcase classname="demo.TestNGGroupsDemo" name="test3" time="0.002"/>
  <system-out/>
  <testcase classname="demo.TestNGGroupsDemo" name="test4" time="0.003"/>
  <system-out/>
  <testcase classname="demo.TestNGGroupsDemo" name="test2" time="0.003"/>
  <system-out/>
</testsuite> <!-- demo.TestNGGroupsDemo -->
