<?xml version="1.0" encoding="UTF-8"?>
<!-- Generated by org.testng.reporters.JUnitReportReporter -->
<testsuite hostname="LAPTOP-HBROTHS7" failures="0" tests="1" name="test.TestNG_Demo" time="3.130" errors="0" timestamp="2022-05-17T16:48:33 IST" skipped="0">
  <testcase classname="test.TestNG_Demo" name="googleSearch" time="3.130"/>
  <system-out/>
</testsuite> <!-- test.TestNG_Demo -->
