<?xml version="1.0" encoding="UTF-8"?>
<!-- Generated by org.testng.reporters.JUnitReportReporter -->
<testsuite hostname="LAPTOP-HBROTHS7" failures="0" tests="2" name="test.BIPSExtentReportsDemoWithTestNG" time="6.606" errors="0" timestamp="2022-05-18T11:59:42 IST" skipped="0">
  <testcase classname="test.BIPSExtentReportsDemoWithTestNG" name="test4" time="6.574"/>
  <system-out/>
  <testcase classname="test.BIPSExtentReportsDemoWithTestNG" name="test1" time="0.032"/>
  <system-out/>
</testsuite> <!-- test.BIPSExtentReportsDemoWithTestNG -->
