<?xml version="1.0" encoding="UTF-8"?>
<!-- Generated by org.testng.reporters.JUnitReportReporter -->
<testsuite hostname="LAPTOP-HBROTHS7" failures="0" tests="1" name="GLDT_TestCases.GLDT_TestCases" time="56.196" errors="0" timestamp="2022-05-25T12:33:30 IST" skipped="0">
  <testcase classname="GLDT_TestCases.GLDT_TestCases" name="GLDT_TC_01" time="56.196"/>
  <system-out/>
</testsuite> <!-- GLDT_TestCases.GLDT_TestCases -->
