<?xml version="1.0" encoding="UTF-8"?>
<!-- Generated by org.testng.reporters.JUnitReportReporter -->
<testsuite hostname="LAPTOP-HBROTHS7" failures="0" tests="1" name="test.TestNG_Demo2" time="3.076" errors="0" timestamp="2022-05-17T16:48:33 IST" skipped="0">
  <testcase classname="test.TestNG_Demo2" name="googleSearch3" time="3.076"/>
  <system-out/>
</testsuite> <!-- test.TestNG_Demo2 -->
