<?xml version="1.0" encoding="UTF-8"?>
<!-- Generated by org.testng.reporters.JUnitReportReporter -->
<testsuite hostname="LAPTOP-HBROTHS7" failures="0" tests="1" name="test.TestNG_Demo" time="3.458" errors="0" timestamp="2022-05-16T13:45:25 IST" skipped="0">
  <testcase classname="test.TestNG_Demo" name="googleSearch" time="3.458"/>
  <system-out/>
</testsuite> <!-- test.TestNG_Demo -->
