<?xml version="1.0" encoding="UTF-8"?>
<!-- Generated by org.testng.reporters.JUnitReportReporter -->
<testsuite hostname="LAPTOP-HBROTHS7" failures="0" tests="2" name="test.ExtentReportsDemoWithTestNG" time="6.680" errors="0" timestamp="2022-05-16T23:06:30 IST" skipped="0">
  <testcase classname="test.ExtentReportsDemoWithTestNG" name="test1" time="0.028"/>
  <system-out/>
  <testcase classname="test.ExtentReportsDemoWithTestNG" name="test4" time="6.652"/>
  <system-out/>
</testsuite> <!-- test.ExtentReportsDemoWithTestNG -->
