<?xml version="1.0" encoding="UTF-8"?>
<!-- Generated by org.testng.reporters.JUnitReportReporter -->
<testsuite hostname="LAPTOP-HBROTHS7" failures="0" tests="1" name="GLDT_TestCases.GLDT_TestCases" time="52.057" errors="0" timestamp="2022-06-02T03:15:56 IST" skipped="0">
  <testcase classname="GLDT_TestCases.GLDT_TestCases" name="Access_GLDT_ViewGlobalTimelinesforGLDTcases_14" time="52.057"/>
  <system-out/>
</testsuite> <!-- GLDT_TestCases.GLDT_TestCases -->
