<?xml version="1.0" encoding="UTF-8"?>
<!-- Generated by org.testng.reporters.JUnitReportReporter -->
<testsuite hostname="LAPTOP-HBROTHS7" failures="0" tests="4" name="utils.ExcelDataProvider" time="17.813" errors="0" timestamp="2022-05-18T02:55:10 IST" skipped="0">
  <testcase classname="utils.ExcelDataProvider" name="test1" time="3.117"/>
  <system-out/>
  <testcase classname="utils.ExcelDataProvider" name="test1" time="2.973"/>
  <system-out/>
  <testcase classname="utils.ExcelDataProvider" name="test1" time="3.513"/>
  <system-out/>
  <testcase classname="utils.ExcelDataProvider" name="test1" time="8.210"/>
  <system-out/>
</testsuite> <!-- utils.ExcelDataProvider -->
