<?xml version="1.0" encoding="UTF-8"?>
<!-- Generated by org.testng.reporters.JUnitReportReporter -->
<testsuite hostname="LAPTOP-HBROTHS7" failures="0" tests="2" name="test.ExtentReportsDemoWithTestNG" time="0.028" errors="0" timestamp="2022-05-16T19:03:42 IST" skipped="0">
  <testcase classname="test.ExtentReportsDemoWithTestNG" name="test1" time="0.024"/>
  <system-out/>
  <testcase classname="test.ExtentReportsDemoWithTestNG" name="test2" time="0.004"/>
  <system-out/>
</testsuite> <!-- test.ExtentReportsDemoWithTestNG -->
