<?xml version="1.0" encoding="UTF-8"?>
<!-- Generated by org.testng.reporters.JUnitReportReporter -->
<testsuite hostname="LAPTOP-HBROTHS7" failures="0" tests="3" name="demo.TestNGPriorityDemo" time="0.015" errors="0" timestamp="2022-05-23T21:33:49 IST" skipped="0">
  <testcase classname="demo.TestNGPriorityDemo" name="one" time="0.012"/>
  <system-out/>
  <testcase classname="demo.TestNGPriorityDemo" name="two" time="0.002"/>
  <system-out/>
  <testcase classname="demo.TestNGPriorityDemo" name="three" time="0.001"/>
  <system-out/>
</testsuite> <!-- demo.TestNGPriorityDemo -->
