<?xml version="1.0" encoding="UTF-8"?>
<!-- Generated by org.testng.reporters.JUnitReportReporter -->
<testsuite hostname="LAPTOP-HBROTHS7" failures="0" tests="3" name="utils.BIPSExcelDataProvider" time="14.852" errors="0" timestamp="2022-05-18T03:25:16 IST" skipped="0">
  <testcase classname="utils.BIPSExcelDataProvider" name="test1" time="6.622"/>
  <system-out/>
  <testcase classname="utils.BIPSExcelDataProvider" name="test1" time="3.447"/>
  <system-out/>
  <testcase classname="utils.BIPSExcelDataProvider" name="test1" time="4.783"/>
  <system-out/>
</testsuite> <!-- utils.BIPSExcelDataProvider -->
