<?xml version="1.0" encoding="UTF-8"?>
<!-- Generated by org.testng.reporters.JUnitReportReporter -->
<testsuite hostname="LAPTOP-HBROTHS7" failures="0" tests="3" name="utils.BIPSExcelDataProvider" time="18.232" errors="0" timestamp="2022-05-18T11:55:13 IST" skipped="0">
  <testcase classname="utils.BIPSExcelDataProvider" name="test1" time="9.048"/>
  <system-out/>
  <testcase classname="utils.BIPSExcelDataProvider" name="test1" time="5.249"/>
  <system-out/>
  <testcase classname="utils.BIPSExcelDataProvider" name="test1" time="3.935"/>
  <system-out/>
</testsuite> <!-- utils.BIPSExcelDataProvider -->
