<?xml version="1.0" encoding="UTF-8"?>
<!-- Generated by org.testng.reporters.JUnitReportReporter -->
<testsuite hostname="LAPTOP-HBROTHS7" failures="0" tests="2" name="test.BIPSExtentReportsDemoWithTestNG" time="7.173" errors="0" timestamp="2022-05-18T13:38:50 IST" skipped="0">
  <testcase classname="test.BIPSExtentReportsDemoWithTestNG" name="test4" time="7.142"/>
  <system-out/>
  <testcase classname="test.BIPSExtentReportsDemoWithTestNG" name="test1" time="0.031"/>
  <system-out/>
</testsuite> <!-- test.BIPSExtentReportsDemoWithTestNG -->
