<?xml version="1.0" encoding="UTF-8"?>
<!-- Generated by org.testng.reporters.JUnitReportReporter -->
<testsuite hostname="LAPTOP-HBROTHS7" failures="0" tests="3" name="test.ExtentReportsDemoWithTestNG" time="17.335" errors="0" timestamp="2022-05-16T20:22:10 IST" skipped="0">
  <testcase classname="test.ExtentReportsDemoWithTestNG" name="test1" time="0.025"/>
  <system-out/>
  <testcase classname="test.ExtentReportsDemoWithTestNG" name="test4" time="17.308"/>
  <system-out/>
  <testcase classname="test.ExtentReportsDemoWithTestNG" name="test2" time="0.002"/>
  <system-out/>
</testsuite> <!-- test.ExtentReportsDemoWithTestNG -->
