<?xml version="1.0" encoding="UTF-8"?>
<!-- Generated by org.testng.reporters.JUnitReportReporter -->
<testsuite hostname="LAPTOP-HBROTHS7" failures="0" tests="4" name="demo.TestNGParametersDemo" time="0.023" errors="0" timestamp="2022-05-24T00:55:41 IST" skipped="0">
  <testcase classname="demo.TestNGParametersDemo" name="test4" time="0.002"/>
  <system-out/>
  <testcase classname="demo.TestNGParametersDemo" name="test3" time="0.017"/>
  <system-out/>
  <testcase classname="demo.TestNGParametersDemo" name="test1" time="0.003"/>
  <system-out/>
  <testcase classname="demo.TestNGParametersDemo" name="test2" time="0.001"/>
  <system-out/>
</testsuite> <!-- demo.TestNGParametersDemo -->
